<?xml version="1.0" encoding="UTF-8"?>
<testsuite xmlns:xsi="http://www.w3.org/2001/XMLSchema-instance" xsi:noNamespaceSchemaLocation="https://maven.apache.org/surefire/maven-surefire-plugin/xsd/surefire-test-report-3.0.xsd" version="3.0" name="cucumber.Options.TestRunner" time="8.476" tests="2" errors="0" skipped="0" failures="0">
  <properties>
[...]
</properties>
  <testcase name="Verify if Place is being Successfuly Added" classname="Validate ADDPlace API&apos;s" time="5.88"/>
  <testcase name="Verify if Delete Place API is working Properly or not" classname="Validate ADDPlace API&apos;s" time="1.942"/>
</testsuite>